<?xml version="1.0" encoding="UTF-8"?>
<coverage generated="1759235864740" clover="3.2.0">
  <project timestamp="1759235864740" name="All files">
    <metrics statements="48" coveredstatements="46" conditionals="22" coveredconditionals="20" methods="14" coveredmethods="12" elements="84" coveredelements="78" complexity="0" loc="48" ncloc="48" packages="1" files="1" classes="1"/>
    <file name="CartPage.js" path="/Users/juyeon.jung.22/Desktop/CS4218/cs4218-2510-ecom-project-team021/client/src/pages/CartPage.js">
      <metrics statements="48" coveredstatements="46" conditionals="22" coveredconditionals="20" methods="14" coveredmethods="12"/>
      <line num="12" count="1" type="stmt"/>
      <line num="13" count="20" type="stmt"/>
      <line num="14" count="20" type="stmt"/>
      <line num="15" count="20" type="stmt"/>
      <line num="16" count="20" type="stmt"/>
      <line num="17" count="20" type="stmt"/>
      <line num="18" count="20" type="stmt"/>
      <line num="21" count="20" type="stmt"/>
      <line num="22" count="20" type="stmt"/>
      <line num="23" count="20" type="stmt"/>
      <line num="24" count="20" type="stmt"/>
      <line num="25" count="18" type="stmt"/>
      <line num="27" count="20" type="stmt"/>
      <line num="32" count="1" type="stmt"/>
      <line num="36" count="20" type="stmt"/>
      <line num="37" count="2" type="stmt"/>
      <line num="38" count="2" type="stmt"/>
      <line num="39" count="2" type="stmt"/>
      <line num="40" count="2" type="stmt"/>
      <line num="41" count="2" type="stmt"/>
      <line num="42" count="1" type="stmt"/>
      <line num="44" count="1" type="stmt"/>
      <line num="49" count="20" type="stmt"/>
      <line num="50" count="11" type="stmt"/>
      <line num="51" count="11" type="stmt"/>
      <line num="52" count="4" type="stmt"/>
      <line num="54" count="7" type="stmt"/>
      <line num="57" count="20" type="stmt"/>
      <line num="58" count="11" type="stmt"/>
      <line num="62" count="20" type="stmt"/>
      <line num="63" count="2" type="stmt"/>
      <line num="64" count="2" type="stmt"/>
      <line num="65" count="2" type="stmt"/>
      <line num="66" count="2" type="stmt"/>
      <line num="70" count="1" type="stmt"/>
      <line num="71" count="1" type="stmt"/>
      <line num="72" count="1" type="stmt"/>
      <line num="73" count="1" type="stmt"/>
      <line num="74" count="1" type="stmt"/>
      <line num="76" count="1" type="stmt"/>
      <line num="77" count="1" type="stmt"/>
      <line num="80" count="20" type="stmt"/>
      <line num="103" count="18" type="stmt"/>
      <line num="121" count="2" type="stmt"/>
      <line num="141" count="2" type="stmt"/>
      <line num="152" count="0" type="stmt"/>
      <line num="160" count="0" type="stmt"/>
      <line num="182" count="2" type="stmt"/>
    </file>
  </project>
</coverage>
