<?xml version="1.0" encoding="UTF-8"?>
<coverage generated="1759216037061" clover="3.2.0">
  <project timestamp="1759216037062" name="All files">
    <metrics statements="2" coveredstatements="2" conditionals="0" coveredconditionals="0" methods="1" coveredmethods="1" elements="3" coveredelements="3" complexity="0" loc="2" ncloc="2" packages="1" files="1" classes="1"/>
    <file name="Contact.js" path="/Users/juyeon.jung.22/Desktop/CS4218/cs4218-2510-ecom-project-team021/client/src/pages/Contact.js">
      <metrics statements="2" coveredstatements="2" conditionals="0" coveredconditionals="0" methods="1" coveredmethods="1"/>
      <line num="4" count="1" type="stmt"/>
      <line num="5" count="4" type="stmt"/>
    </file>
  </project>
</coverage>
