{"/Users/juyeon.jung.22/Desktop/CS4218/cs4218-2510-ecom-project-team021/client/src/context/cart.js": {"path":"/Users/juyeon.jung.22/Desktop/CS4218/cs4218-2510-ecom-project-team021/client/src/context/cart.js","statementMap":{"0":{"start":{"line":5,"column":20},"end":{"line":5,"column":35}},"1":{"start":{"line":6,"column":21},"end":{"line":19,"column":1}},"2":{"start":{"line":7,"column":26},"end":{"line":7,"column":38}},"3":{"start":{"line":9,"column":2},"end":{"line":12,"column":9}},"4":{"start":{"line":10,"column":27},"end":{"line":10,"column":55}},"5":{"start":{"line":11,"column":4},"end":{"line":11,"column":64}},"6":{"start":{"line":11,"column":26},"end":{"line":11,"column":64}},"7":{"start":{"line":14,"column":2},"end":{"line":18,"column":4}},"8":{"start":{"line":22,"column":16},"end":{"line":22,"column":45}},"9":{"start":{"line":22,"column":22},"end":{"line":22,"column":45}}},"fnMap":{"0":{"name":"(anonymous_0)","decl":{"start":{"line":6,"column":21},"end":{"line":6,"column":22}},"loc":{"start":{"line":6,"column":39},"end":{"line":19,"column":1}},"line":6},"1":{"name":"(anonymous_1)","decl":{"start":{"line":9,"column":12},"end":{"line":9,"column":13}},"loc":{"start":{"line":9,"column":18},"end":{"line":12,"column":3}},"line":9},"2":{"name":"(anonymous_2)","decl":{"start":{"line":22,"column":16},"end":{"line":22,"column":17}},"loc":{"start":{"line":22,"column":22},"end":{"line":22,"column":45}},"line":22}},"branchMap":{"0":{"loc":{"start":{"line":11,"column":4},"end":{"line":11,"column":64}},"type":"if","locations":[{"start":{"line":11,"column":4},"end":{"line":11,"column":64}},{"start":{},"end":{}}],"line":11}},"s":{"0":1,"1":1,"2":5,"3":5,"4":2,"5":2,"6":1,"7":5,"8":1,"9":5},"f":{"0":5,"1":2,"2":5},"b":{"0":[1,1]},"_coverageSchema":"1a1c01bbd47fc00a2c39e90264f33305004495a9","hash":"0f6f8245881c97cc90023b64b12c3f64c6a8c8d7"}
}
