TN:
SF:client/src/pages/CartPage.js
FN:12,(anonymous_0)
FN:21,(anonymous_1)
FN:24,(anonymous_2)
FN:36,(anonymous_3)
FN:39,(anonymous_4)
FN:49,(anonymous_5)
FN:57,(anonymous_6)
FN:62,(anonymous_7)
FN:102,(anonymous_8)
FN:121,(anonymous_9)
FN:141,(anonymous_10)
FN:152,(anonymous_11)
FN:159,(anonymous_12)
FN:182,(anonymous_13)
FNF:14
FNH:12
FNDA:20,(anonymous_0)
FNDA:20,(anonymous_1)
FNDA:18,(anonymous_2)
FNDA:2,(anonymous_3)
FNDA:2,(anonymous_4)
FNDA:11,(anonymous_5)
FNDA:11,(anonymous_6)
FNDA:2,(anonymous_7)
FNDA:18,(anonymous_8)
FNDA:2,(anonymous_9)
FNDA:2,(anonymous_10)
FNDA:0,(anonymous_11)
FNDA:0,(anonymous_12)
FNDA:2,(anonymous_13)
DA:12,1
DA:13,20
DA:14,20
DA:15,20
DA:16,20
DA:17,20
DA:18,20
DA:21,20
DA:22,20
DA:23,20
DA:24,20
DA:25,18
DA:27,20
DA:32,1
DA:36,20
DA:37,2
DA:38,2
DA:39,2
DA:40,2
DA:41,2
DA:42,1
DA:44,1
DA:49,20
DA:50,11
DA:51,11
DA:52,4
DA:54,7
DA:57,20
DA:58,11
DA:62,20
DA:63,2
DA:64,2
DA:65,2
DA:66,2
DA:70,1
DA:71,1
DA:72,1
DA:73,1
DA:74,1
DA:76,1
DA:77,1
DA:80,20
DA:103,18
DA:121,2
DA:141,2
DA:152,0
DA:160,0
DA:182,2
LF:48
LH:46
BRDA:86,0,0,1
BRDA:86,0,1,19
BRDA:88,1,0,19
BRDA:88,1,1,19
BRDA:90,2,0,17
BRDA:90,2,1,3
BRDA:92,3,0,17
BRDA:92,3,1,0
BRDA:134,4,0,19
BRDA:134,4,1,1
BRDA:149,5,0,0
BRDA:149,5,1,1
BRDA:171,6,0,12
BRDA:171,6,1,8
BRDA:171,7,0,20
BRDA:171,7,1,9
BRDA:171,7,2,9
BRDA:188,8,0,8
BRDA:188,8,1,6
BRDA:188,8,2,4
BRDA:190,9,0,2
BRDA:190,9,1,6
BRF:22
BRH:20
end_of_record
