TN:
SF:client/src/pages/CartPage.js
FN:12,(anonymous_0)
FN:21,(anonymous_1)
FN:24,(anonymous_2)
FN:36,(anonymous_3)
FN:39,(anonymous_4)
FN:49,(anonymous_5)
FN:57,(anonymous_6)
FN:62,(anonymous_7)
FN:102,(anonymous_8)
FN:121,(anonymous_9)
FN:141,(anonymous_10)
FN:152,(anonymous_11)
FN:159,(anonymous_12)
FN:182,(anonymous_13)
FNF:14
FNH:12
FNDA:15,(anonymous_0)
FNDA:15,(anonymous_1)
FNDA:13,(anonymous_2)
FNDA:2,(anonymous_3)
FNDA:2,(anonymous_4)
FNDA:10,(anonymous_5)
FNDA:10,(anonymous_6)
FNDA:1,(anonymous_7)
FNDA:13,(anonymous_8)
FNDA:2,(anonymous_9)
FNDA:2,(anonymous_10)
FNDA:0,(anonymous_11)
FNDA:0,(anonymous_12)
FNDA:1,(anonymous_13)
DA:12,1
DA:13,15
DA:14,15
DA:15,15
DA:16,15
DA:17,15
DA:18,15
DA:21,15
DA:22,15
DA:23,15
DA:24,15
DA:25,13
DA:27,15
DA:32,1
DA:36,15
DA:37,2
DA:38,2
DA:39,2
DA:40,2
DA:41,2
DA:42,1
DA:44,1
DA:49,15
DA:50,10
DA:51,10
DA:52,3
DA:54,7
DA:57,15
DA:58,10
DA:62,15
DA:63,1
DA:64,1
DA:65,1
DA:66,1
DA:70,1
DA:71,1
DA:72,1
DA:73,1
DA:74,1
DA:76,0
DA:77,0
DA:80,15
DA:103,13
DA:121,2
DA:141,2
DA:152,0
DA:160,0
DA:182,1
LF:48
LH:44
BRDA:86,0,0,1
BRDA:86,0,1,14
BRDA:88,1,0,14
BRDA:88,1,1,14
BRDA:90,2,0,12
BRDA:90,2,1,3
BRDA:92,3,0,12
BRDA:92,3,1,0
BRDA:134,4,0,14
BRDA:134,4,1,1
BRDA:149,5,0,0
BRDA:149,5,1,1
BRDA:171,6,0,11
BRDA:171,6,1,4
BRDA:171,7,0,15
BRDA:171,7,1,5
BRDA:171,7,2,5
BRDA:188,8,0,4
BRDA:188,8,1,3
BRDA:188,8,2,2
BRDA:190,9,0,1
BRDA:190,9,1,3
BRF:22
BRH:20
end_of_record
